
janv. 28, 2019 09:10:44.59 NEW SESSION
janv. 28, 2019 09:10:44.60 [8552:8464:0128/091044.364:ERROR:in_progress_cache_impl.cc(203)] Cache is not initialized, cannot RetrieveEntry.
janv. 28, 2019 09:10:44.60 [8552:8464:0128/091044.364:ERROR:in_progress_cache_impl.cc(203)] Cache is not initialized, cannot RetrieveEntry.
janv. 28, 2019 09:10:44.60 [8552:8464:0128/091044.364:ERROR:in_progress_cache_impl.cc(203)] Cache is not initialized, cannot RetrieveEntry.
janv. 28, 2019 09:10:44.61 [8552:8464:0128/091044.365:ERROR:in_progress_cache_impl.cc(203)] Cache is not initialized, cannot RetrieveEntry.
janv. 28, 2019 09:10:44.61 [8552:8464:0128/091044.365:ERROR:in_progress_cache_impl.cc(203)] Cache is not initialized, cannot RetrieveEntry.
janv. 28, 2019 09:10:44.61 [8552:8464:0128/091044.365:ERROR:in_progress_cache_impl.cc(203)] Cache is not initialized, cannot RetrieveEntry.
janv. 28, 2019 09:10:44.61 [8552:8464:0128/091044.365:ERROR:in_progress_cache_impl.cc(203)] Cache is not initialized, cannot RetrieveEntry.
janv. 28, 2019 09:10:44.61 [8552:8464:0128/091044.365:ERROR:in_progress_cache_impl.cc(203)] Cache is not initialized, cannot RetrieveEntry.
janv. 28, 2019 09:10:44.61 [8552:8464:0128/091044.365:ERROR:in_progress_cache_impl.cc(203)] Cache is not initialized, cannot RetrieveEntry.
janv. 28, 2019 09:10:44.61 [8552:8464:0128/091044.369:ERROR:in_progress_cache_impl.cc(203)] Cache is not initialized, cannot RetrieveEntry.
janv. 28, 2019 09:10:44.61 [8552:8464:0128/091044.370:ERROR:in_progress_cache_impl.cc(203)] Cache is not initialized, cannot RetrieveEntry.
janv. 28, 2019 09:10:44.61 [8552:8464:0128/091044.370:ERROR:in_progress_cache_impl.cc(203)] Cache is not initialized, cannot RetrieveEntry.
janv. 28, 2019 09:10:44.61 [8552:8464:0128/091044.370:ERROR:in_progress_cache_impl.cc(203)] Cache is not initialized, cannot RetrieveEntry.
janv. 28, 2019 09:10:44.61 [8552:8464:0128/091044.370:ERROR:in_progress_cache_impl.cc(203)] Cache is not initialized, cannot RetrieveEntry.
janv. 28, 2019 09:10:44.61 [8552:8464:0128/091044.370:ERROR:in_progress_cache_impl.cc(203)] Cache is not initialized, cannot RetrieveEntry.
janv. 28, 2019 09:10:44.61 [8552:8464:0128/091044.370:ERROR:in_progress_cache_impl.cc(203)] Cache is not initialized, cannot RetrieveEntry.
janv. 28, 2019 09:10:44.61 [8552:8464:0128/091044.370:ERROR:in_progress_cache_impl.cc(203)] Cache is not initialized, cannot RetrieveEntry.
janv. 28, 2019 09:10:44.61 [8552:8464:0128/091044.370:ERROR:in_progress_cache_impl.cc(203)] Cache is not initialized, cannot RetrieveEntry.
janv. 28, 2019 09:10:44.61 [8552:8464:0128/091044.370:ERROR:in_progress_cache_impl.cc(203)] Cache is not initialized, cannot RetrieveEntry.
janv. 28, 2019 09:10:44.61 [8552:8464:0128/091044.370:ERROR:in_progress_cache_impl.cc(203)] Cache is not initialized, cannot RetrieveEntry.
janv. 28, 2019 09:10:44.61 [8552:8464:0128/091044.370:ERROR:in_progress_cache_impl.cc(203)] Cache is not initialized, cannot RetrieveEntry.
janv. 28, 2019 09:10:44.61 [8552:8464:0128/091044.370:ERROR:in_progress_cache_impl.cc(203)] Cache is not initialized, cannot RetrieveEntry.
janv. 28, 2019 09:10:44.61 [8552:8464:0128/091044.370:ERROR:in_progress_cache_impl.cc(203)] Cache is not initialized, cannot RetrieveEntry.
janv. 28, 2019 09:10:44.61 [8552:8464:0128/091044.370:ERROR:in_progress_cache_impl.cc(203)] Cache is not initialized, cannot RetrieveEntry.
janv. 28, 2019 09:10:44.61 [8552:8464:0128/091044.370:ERROR:in_progress_cache_impl.cc(203)] Cache is not initialized, cannot RetrieveEntry.
janv. 28, 2019 09:26:27.68 [8552:2200:0128/092627.681:ERROR:platform_sensor_reader_win.cc(242)] NOT IMPLEMENTED
janv. 29, 2019 09:07:49.13 [8552:2200:0129/090749.131:ERROR:platform_sensor_reader_win.cc(242)] NOT IMPLEMENTED
janv. 29, 2019 09:07:50.26 [8552:2200:0129/090750.259:ERROR:platform_sensor_reader_win.cc(242)] NOT IMPLEMENTED
janv. 29, 2019 09:45:16.53 [8552:2200:0129/094516.536:ERROR:platform_sensor_reader_win.cc(242)] NOT IMPLEMENTED
janv. 29, 2019 09:49:47.58 [8552:2200:0129/094947.585:ERROR:platform_sensor_reader_win.cc(242)] NOT IMPLEMENTED
janv. 29, 2019 10:57:17.76 [8552:2200:0129/105717.768:ERROR:platform_sensor_reader_win.cc(242)] NOT IMPLEMENTED
janv. 29, 2019 10:57:27.04 [8552:2200:0129/105727.046:ERROR:platform_sensor_reader_win.cc(242)] NOT IMPLEMENTED
janv. 29, 2019 10:58:23.17 [8552:2200:0129/105823.173:ERROR:platform_sensor_reader_win.cc(242)] NOT IMPLEMENTED
janv. 29, 2019 10:58:45.19 [8552:2200:0129/105845.198:ERROR:platform_sensor_reader_win.cc(242)] NOT IMPLEMENTED
janv. 29, 2019 11:23:26.47 [8552:2200:0129/112326.474:ERROR:platform_sensor_reader_win.cc(242)] NOT IMPLEMENTED
janv. 29, 2019 11:23:26.68 [8552:2200:0129/112326.687:ERROR:platform_sensor_reader_win.cc(242)] NOT IMPLEMENTED
janv. 29, 2019 12:31:51.87 [8552:9004:0129/123151.878:ERROR:ssl_client_socket_impl.cc(1013)] handshake failed; returned -1, SSL error code 1, net_error -101
janv. 29, 2019 12:31:52.11 [8552:9004:0129/123152.112:ERROR:ssl_client_socket_impl.cc(1013)] handshake failed; returned -1, SSL error code 1, net_error -100
janv. 29, 2019 12:39:13.44 [8552:9004:0129/123913.447:ERROR:ssl_client_socket_impl.cc(1013)] handshake failed; returned -1, SSL error code 1, net_error -101
janv. 29, 2019 12:40:07.88 [8552:9004:0129/124007.888:ERROR:ssl_client_socket_impl.cc(1013)] handshake failed; returned -1, SSL error code 1, net_error -101
janv. 29, 2019 12:40:08.43 [8552:9004:0129/124008.438:ERROR:ssl_client_socket_impl.cc(1013)] handshake failed; returned -1, SSL error code 1, net_error -101
janv. 29, 2019 12:40:11.95 [8552:9004:0129/124011.953:ERROR:ssl_client_socket_impl.cc(1013)] handshake failed; returned -1, SSL error code 1, net_error -101
janv. 29, 2019 12:40:12.50 [8552:9004:0129/124012.502:ERROR:ssl_client_socket_impl.cc(1013)] handshake failed; returned -1, SSL error code 1, net_error -101
janv. 29, 2019 12:40:22.93 [8552:9004:0129/124022.934:ERROR:ssl_client_socket_impl.cc(1013)] handshake failed; returned -1, SSL error code 1, net_error -101
janv. 29, 2019 12:40:23.67 [8552:9004:0129/124023.678:ERROR:ssl_client_socket_impl.cc(1013)] handshake failed; returned -1, SSL error code 1, net_error -101
janv. 29, 2019 12:40:42.11 [8552:9004:0129/124042.116:ERROR:ssl_client_socket_impl.cc(1013)] handshake failed; returned -1, SSL error code 1, net_error -101
janv. 29, 2019 12:42:29.15 [8552:9004:0129/124229.156:ERROR:ssl_client_socket_impl.cc(1013)] handshake failed; returned -1, SSL error code 1, net_error -101
janv. 29, 2019 12:42:29.26 [8552:9004:0129/124229.265:ERROR:ssl_client_socket_impl.cc(1013)] handshake failed; returned -1, SSL error code 1, net_error -101
janv. 29, 2019 12:42:33.22 [8552:9004:0129/124233.220:ERROR:ssl_client_socket_impl.cc(1013)] handshake failed; returned -1, SSL error code 1, net_error -101
janv. 29, 2019 12:42:33.32 [8552:9004:0129/124233.326:ERROR:ssl_client_socket_impl.cc(1013)] handshake failed; returned -1, SSL error code 1, net_error -101
janv. 29, 2019 12:42:44.58 [8552:9004:0129/124244.582:ERROR:ssl_client_socket_impl.cc(1013)] handshake failed; returned -1, SSL error code 1, net_error -101
janv. 29, 2019 12:42:45.05 [8552:9004:0129/124245.054:ERROR:ssl_client_socket_impl.cc(1013)] handshake failed; returned -1, SSL error code 1, net_error -101
janv. 29, 2019 12:43:03.76 [8552:9004:0129/124303.763:ERROR:ssl_client_socket_impl.cc(1013)] handshake failed; returned -1, SSL error code 1, net_error -101
janv. 29, 2019 12:45:58.58 [8552:9004:0129/124558.588:ERROR:ssl_client_socket_impl.cc(1013)] handshake failed; returned -1, SSL error code 1, net_error -101
janv. 29, 2019 12:46:02.65 [8552:9004:0129/124602.650:ERROR:ssl_client_socket_impl.cc(1013)] handshake failed; returned -1, SSL error code 1, net_error -101
janv. 29, 2019 14:59:14.60 [8552:9004:0129/145914.605:ERROR:ssl_client_socket_impl.cc(1013)] handshake failed; returned -1, SSL error code 1, net_error -101
janv. 29, 2019 16:17:48.64 [8552:8464:0129/161748.644:ERROR:textfield.cc(1777)] NOT IMPLEMENTED
janv. 29, 2019 16:19:03.36 [8552:2200:0129/161903.366:ERROR:platform_sensor_reader_win.cc(242)] NOT IMPLEMENTED
janv. 30, 2019 10:11:36.80 [8552:2200:0130/101136.802:ERROR:platform_sensor_reader_win.cc(242)] NOT IMPLEMENTED

févr. 04, 2019 09:03:44.06 NEW SESSION
févr. 04, 2019 09:03:44.08 [5460:12124:0204/090343.796:ERROR:in_progress_cache_impl.cc(203)] Cache is not initialized, cannot RetrieveEntry.
févr. 04, 2019 09:03:44.15 [5460:12124:0204/090343.796:ERROR:in_progress_cache_impl.cc(203)] Cache is not initialized, cannot RetrieveEntry.
févr. 04, 2019 09:03:44.15 [5460:12124:0204/090343.796:ERROR:in_progress_cache_impl.cc(203)] Cache is not initialized, cannot RetrieveEntry.
févr. 04, 2019 09:03:44.15 [5460:12124:0204/090343.796:ERROR:in_progress_cache_impl.cc(203)] Cache is not initialized, cannot RetrieveEntry.
févr. 04, 2019 09:03:44.15 [5460:12124:0204/090343.796:ERROR:in_progress_cache_impl.cc(203)] Cache is not initialized, cannot RetrieveEntry.
févr. 04, 2019 09:03:44.15 [5460:12124:0204/090343.796:ERROR:in_progress_cache_impl.cc(203)] Cache is not initialized, cannot RetrieveEntry.
févr. 04, 2019 09:03:44.15 [5460:12124:0204/090343.796:ERROR:in_progress_cache_impl.cc(203)] Cache is not initialized, cannot RetrieveEntry.
févr. 04, 2019 09:03:44.15 [5460:12124:0204/090343.796:ERROR:in_progress_cache_impl.cc(203)] Cache is not initialized, cannot RetrieveEntry.
févr. 04, 2019 09:03:44.15 [5460:12124:0204/090343.796:ERROR:in_progress_cache_impl.cc(203)] Cache is not initialized, cannot RetrieveEntry.
févr. 04, 2019 09:03:44.15 [5460:12124:0204/090343.801:ERROR:in_progress_cache_impl.cc(203)] Cache is not initialized, cannot RetrieveEntry.
févr. 04, 2019 09:03:44.15 [5460:12124:0204/090343.801:ERROR:in_progress_cache_impl.cc(203)] Cache is not initialized, cannot RetrieveEntry.
févr. 04, 2019 09:03:44.15 [5460:12124:0204/090343.801:ERROR:in_progress_cache_impl.cc(203)] Cache is not initialized, cannot RetrieveEntry.
févr. 04, 2019 09:03:44.15 [5460:12124:0204/090343.801:ERROR:in_progress_cache_impl.cc(203)] Cache is not initialized, cannot RetrieveEntry.
févr. 04, 2019 09:03:44.15 [5460:12124:0204/090343.801:ERROR:in_progress_cache_impl.cc(203)] Cache is not initialized, cannot RetrieveEntry.
févr. 04, 2019 09:03:44.15 [5460:12124:0204/090343.801:ERROR:in_progress_cache_impl.cc(203)] Cache is not initialized, cannot RetrieveEntry.
févr. 04, 2019 09:03:44.15 [5460:12124:0204/090343.801:ERROR:in_progress_cache_impl.cc(203)] Cache is not initialized, cannot RetrieveEntry.
févr. 04, 2019 09:03:44.15 [5460:12124:0204/090343.801:ERROR:in_progress_cache_impl.cc(203)] Cache is not initialized, cannot RetrieveEntry.
févr. 04, 2019 09:03:44.15 [5460:12124:0204/090343.801:ERROR:in_progress_cache_impl.cc(203)] Cache is not initialized, cannot RetrieveEntry.
févr. 04, 2019 09:03:44.16 [5460:12124:0204/090343.801:ERROR:in_progress_cache_impl.cc(203)] Cache is not initialized, cannot RetrieveEntry.
févr. 04, 2019 09:03:44.16 [5460:12124:0204/090343.801:ERROR:in_progress_cache_impl.cc(203)] Cache is not initialized, cannot RetrieveEntry.
févr. 04, 2019 09:03:44.16 [5460:12124:0204/090343.801:ERROR:in_progress_cache_impl.cc(203)] Cache is not initialized, cannot RetrieveEntry.
févr. 04, 2019 09:03:44.16 [5460:12124:0204/090343.801:ERROR:in_progress_cache_impl.cc(203)] Cache is not initialized, cannot RetrieveEntry.
févr. 04, 2019 09:03:44.16 [5460:12124:0204/090343.801:ERROR:in_progress_cache_impl.cc(203)] Cache is not initialized, cannot RetrieveEntry.
févr. 04, 2019 09:03:44.16 [5460:12124:0204/090343.801:ERROR:in_progress_cache_impl.cc(203)] Cache is not initialized, cannot RetrieveEntry.
févr. 04, 2019 09:03:44.16 [5460:12124:0204/090343.801:ERROR:in_progress_cache_impl.cc(203)] Cache is not initialized, cannot RetrieveEntry.
févr. 04, 2019 09:03:44.16 [5460:12124:0204/090343.801:ERROR:in_progress_cache_impl.cc(203)] Cache is not initialized, cannot RetrieveEntry.
févr. 04, 2019 09:03:44.16 [5460:12124:0204/090343.801:ERROR:in_progress_cache_impl.cc(203)] Cache is not initialized, cannot RetrieveEntry.
févr. 04, 2019 09:03:44.16 [5460:12124:0204/090343.801:ERROR:in_progress_cache_impl.cc(203)] Cache is not initialized, cannot RetrieveEntry.
févr. 04, 2019 09:03:44.16 [5460:12124:0204/090343.801:ERROR:in_progress_cache_impl.cc(203)] Cache is not initialized, cannot RetrieveEntry.
févr. 04, 2019 09:03:44.16 [5460:12124:0204/090343.801:ERROR:in_progress_cache_impl.cc(203)] Cache is not initialized, cannot RetrieveEntry.
févr. 04, 2019 09:03:44.16 [5460:12124:0204/090343.801:ERROR:in_progress_cache_impl.cc(203)] Cache is not initialized, cannot RetrieveEntry.
févr. 04, 2019 09:03:44.16 [5460:12124:0204/090343.801:ERROR:in_progress_cache_impl.cc(203)] Cache is not initialized, cannot RetrieveEntry.
févr. 04, 2019 09:03:44.16 [5460:12124:0204/090343.801:ERROR:in_progress_cache_impl.cc(203)] Cache is not initialized, cannot RetrieveEntry.
févr. 04, 2019 09:03:44.16 [5460:12124:0204/090343.801:ERROR:in_progress_cache_impl.cc(203)] Cache is not initialized, cannot RetrieveEntry.
févr. 04, 2019 09:03:44.16 [5460:12124:0204/090343.802:ERROR:in_progress_cache_impl.cc(203)] Cache is not initialized, cannot RetrieveEntry.
févr. 04, 2019 09:03:44.16 [5460:12124:0204/090343.802:ERROR:in_progress_cache_impl.cc(203)] Cache is not initialized, cannot RetrieveEntry.
févr. 04, 2019 09:03:44.16 [5460:12124:0204/090343.802:ERROR:in_progress_cache_impl.cc(203)] Cache is not initialized, cannot RetrieveEntry.
févr. 04, 2019 09:03:44.16 [5460:12124:0204/090343.802:ERROR:in_progress_cache_impl.cc(203)] Cache is not initialized, cannot RetrieveEntry.
